{"numFailedTestSuites":0,"numFailedTests":0,"numPassedTestSuites":1,"numPassedTests":1,"numPendingTestSuites":0,"numPendingTests":0,"numRuntimeErrorTestSuites":0,"numTodoTests":0,"numTotalTestSuites":1,"numTotalTests":1,"openHandles":[],"snapshot":{"added":0,"didUpdate":false,"failure":false,"filesAdded":0,"filesRemoved":0,"filesRemovedList":[],"filesUnmatched":0,"filesUpdated":0,"matched":0,"total":0,"unchecked":0,"uncheckedKeysByFile":[],"unmatched":0,"updated":0},"startTime":1598764386141,"success":true,"testResults":[{"assertionResults":[{"ancestorTitles":["button"],"failureMessages":[],"fullName":"button renders correctly","location":null,"status":"passed","title":"renders correctly"}],"endTime":1598764387373,"message":"","name":"/Users/ddamato/Documents/guds/packages/button/__tests__/button.test.js","startTime":1598764386685,"status":"passed","summary":""}],"wasInterrupted":false}