{"numFailedTestSuites":1,"numFailedTests":0,"numPassedTestSuites":0,"numPassedTests":0,"numPendingTestSuites":0,"numPendingTests":0,"numRuntimeErrorTestSuites":1,"numTodoTests":0,"numTotalTestSuites":1,"numTotalTests":0,"openHandles":[],"snapshot":{"added":0,"didUpdate":false,"failure":false,"filesAdded":0,"filesRemoved":0,"filesRemovedList":[],"filesUnmatched":0,"filesUpdated":0,"matched":0,"total":0,"unchecked":0,"uncheckedKeysByFile":[],"unmatched":0,"updated":0},"startTime":1598924507173,"success":false,"testResults":[{"assertionResults":[],"coverage":{},"endTime":1598924508554,"message":"  \u001b[1m● \u001b[22mTest suite failed to run\n\n    Cannot find module './test-suite.js' from '__tests__/alert.test.js'\n\n    \u001b[0m \u001b[90m 3 | \u001b[39m\u001b[36mimport\u001b[39m \u001b[33mAlert\u001b[39m from \u001b[32m'../src'\u001b[39m\u001b[33m;\u001b[39m\u001b[0m\n    \u001b[0m \u001b[90m 4 | \u001b[39m\u001b[0m\n    \u001b[0m\u001b[31m\u001b[1m>\u001b[22m\u001b[39m\u001b[90m 5 | \u001b[39mdescribe(\u001b[32m'alert'\u001b[39m\u001b[33m,\u001b[39m () \u001b[33m=>\u001b[39m {\u001b[0m\n    \u001b[0m \u001b[90m   | \u001b[39m                 \u001b[31m\u001b[1m^\u001b[22m\u001b[39m\u001b[0m\n    \u001b[0m \u001b[90m 6 | \u001b[39m  it(\u001b[32m\"renders correctly\"\u001b[39m\u001b[33m,\u001b[39m () \u001b[33m=>\u001b[39m {\u001b[0m\n    \u001b[0m \u001b[90m 7 | \u001b[39m    \u001b[36mconst\u001b[39m wrapper \u001b[33m=\u001b[39m wrap(\u001b[33m<\u001b[39m\u001b[33mAlert\u001b[39m\u001b[33m>\u001b[39m\u001b[33mHello\u001b[39m \u001b[33mWorld\u001b[39m\u001b[33m!\u001b[39m\u001b[33m<\u001b[39m\u001b[33m/\u001b[39m\u001b[33mAlert\u001b[39m\u001b[33m>\u001b[39m)\u001b[33m;\u001b[39m\u001b[0m\n    \u001b[0m \u001b[90m 8 | \u001b[39m    expect(wrapper\u001b[33m.\u001b[39mcontains(\u001b[32m'Hello World!'\u001b[39m))\u001b[33m.\u001b[39mtoEqual(\u001b[36mtrue\u001b[39m)\u001b[33m;\u001b[39m\u001b[0m\n\n      \u001b[2mat Resolver.resolveModule (\u001b[22m../../node_modules/jest-resolve/build/index.js\u001b[2m:307:11)\u001b[22m\n      \u001b[2mat Object.<anonymous> (\u001b[22m\u001b[0m\u001b[36m__tests__/alert.test.js\u001b[39m\u001b[0m\u001b[2m:5:18)\u001b[22m\n","name":"/Users/ddamato/Documents/guds/packages/alert/__tests__/alert.test.js","startTime":1598924508554,"status":"failed","summary":""}],"wasInterrupted":false}